[0m2021-01-14 00:00:34 V/Net 2121784398: Send: Heartbeat.Alive[0m
[0m2021-01-14 00:00:34 V/Net 2121784398: Recv: Heartbeat.Alive.Response[0m
[92m2021-01-14 00:03:49 I/Net 2121784398: Connected to server 42.81.169.46:8080[0m
[0m2021-01-14 00:03:49 V/Net 2121784398: Send: wtlogin.login[0m
[0m2021-01-14 00:03:50 V/Net 2121784398: Recv: WtLogin.Login.LoginPacketResponse.DeviceLockLogin[0m
[0m2021-01-14 00:03:50 V/Net 2121784398: Send: wtlogin.login[0m
[0m2021-01-14 00:03:50 V/Net 2121784398: Recv: LoginPacketResponse.Success[0m
[92m2021-01-14 00:03:50 I/Net 2121784398: Login successful[0m
[0m2021-01-14 00:03:50 V/Net 2121784398: Send: StatSvc.register[0m
[0m2021-01-14 00:03:50 V/Net 2121784398: Recv: Response(StatSvc.register)[0m
[0m2021-01-14 00:03:50 V/Net 2121784398: Send: StatSvc.GetDevLoginInfo[0m
[0m2021-01-14 00:03:50 V/Net 2121784398: Recv: StatSvc.GetDevLoginInfo.Response(deviceList.size=1)[0m
[92m2021-01-14 00:03:50 I/Net 2121784398: Syncing friend message history...[0m
[0m2021-01-14 00:03:50 V/Net 2121784398: Send: MessageSvc.PbGetMsg[0m
[92m2021-01-14 00:03:50 I/Net 2121784398: Syncing friend message history: Success.[0m
[96m2021-01-14 00:03:53 D/Net 2121784398: Received unknown commandName: ConfigPushSvc.PushDomain[0m
[0m2021-01-14 00:03:53 V/Net 2121784398: Recv: ConfigPushSvc.PushReq.PushReqResponse.Success[0m
[0m2021-01-14 00:03:53 V/Net 2121784398: Send: ConfigPushSvc.PushResp[0m
[0m2021-01-14 00:03:58 V/Net 2121784398: Recv: ConfigPushSvc.PushReq.PushReqResponse.Success[0m
[0m2021-01-14 00:03:58 V/Net 2121784398: Send: ConfigPushSvc.PushResp[0m
[0m2021-01-14 00:04:22 V/Net 2121784398: Recv: RequestPushNotify(uin=2121784398, ctype=1, strService=MessageSvc, strCmd=PushNotify, usMsgType=166, stMsgInfo=net.mamoe.mirai.internal.network.protocol.data.jce.MsgInfo@79de8ec7)[0m
[0m2021-01-14 00:04:22 V/Net 2121784398: Send: MessageSvc.PbGetMsg[0m
[0m2021-01-14 00:04:22 V/Net 2121784398: Send: MessageSvc.PbDeleteMsg[0m
[0m2021-01-14 00:04:22 V/Net 2121784398: Send: MessageSvc.PbSendMsg[0m
[0m2021-01-14 00:04:23 V/Net 2121784398: Recv: MessageSvcPbSendMsg.Response.SUCCESS[0m
[0m2021-01-14 00:08:20 V/Net 2121784398: Send: Heartbeat.Alive[0m
[0m2021-01-14 00:08:20 V/Net 2121784398: Recv: Heartbeat.Alive.Response[0m
[0m2021-01-14 00:12:50 V/Net 2121784398: Send: Heartbeat.Alive[0m
[0m2021-01-14 00:12:50 V/Net 2121784398: Recv: Heartbeat.Alive.Response[0m
[0m2021-01-14 00:17:20 V/Net 2121784398: Send: Heartbeat.Alive[0m
[0m2021-01-14 00:17:20 V/Net 2121784398: Recv: Heartbeat.Alive.Response[0m
[0m2021-01-14 00:21:50 V/Net 2121784398: Send: Heartbeat.Alive[0m
[92m2021-01-14 00:29:45 I/Net 2121784398: Connected to server 42.81.172.22:80[0m
[0m2021-01-14 00:29:45 V/Net 2121784398: Send: wtlogin.login[0m
[0m2021-01-14 00:29:45 V/Net 2121784398: Recv: WtLogin.Login.LoginPacketResponse.DeviceLockLogin[0m
[0m2021-01-14 00:29:45 V/Net 2121784398: Send: wtlogin.login[0m
[0m2021-01-14 00:29:45 V/Net 2121784398: Recv: LoginPacketResponse.Success[0m
[92m2021-01-14 00:29:45 I/Net 2121784398: Login successful[0m
[0m2021-01-14 00:29:45 V/Net 2121784398: Send: StatSvc.register[0m
[0m2021-01-14 00:29:45 V/Net 2121784398: Recv: Response(StatSvc.register)[0m
[0m2021-01-14 00:29:45 V/Net 2121784398: Send: StatSvc.GetDevLoginInfo[0m
[0m2021-01-14 00:29:45 V/Net 2121784398: Recv: StatSvc.GetDevLoginInfo.Response(deviceList.size=1)[0m
[92m2021-01-14 00:29:45 I/Net 2121784398: Syncing friend message history...[0m
[92m2021-01-14 00:29:45 I/Net 2121784398: Syncing friend message history...[0m
[0m2021-01-14 00:29:45 V/Net 2121784398: Send: MessageSvc.PbGetMsg[0m
[0m2021-01-14 00:29:45 V/Net 2121784398: Send: MessageSvc.PbGetMsg[0m
[0m2021-01-14 00:29:45 V/Net 2121784398: Send: MessageSvc.PbDeleteMsg[0m
[92m2021-01-14 00:29:45 I/Net 2121784398: Syncing friend message history: Success.[0m
[0m2021-01-14 00:29:45 V/Net 2121784398: Send: MessageSvc.PbDeleteMsg[0m
[92m2021-01-14 00:29:45 I/Net 2121784398: Syncing friend message history: Success.[0m
[0m2021-01-14 00:29:48 V/Net 2121784398: Recv: ConfigPushSvc.PushReq.PushReqResponse.Success[0m
[0m2021-01-14 00:29:48 V/Net 2121784398: Send: ConfigPushSvc.PushResp[0m
[96m2021-01-14 00:29:48 D/Net 2121784398: Received unknown commandName: ConfigPushSvc.PushDomain[0m
[0m2021-01-14 00:29:48 V/Net 2121784398: Recv: ConfigPushSvc.PushReq.PushReqResponse.Success[0m
[0m2021-01-14 00:29:48 V/Net 2121784398: Send: ConfigPushSvc.PushResp[0m
[0m2021-01-14 00:30:28 V/Net 2121784398: Recv: RequestPushNotify(uin=2121784398, ctype=1, strService=MessageSvc, strCmd=PushNotify, usMsgType=166, stMsgInfo=net.mamoe.mirai.internal.network.protocol.data.jce.MsgInfo@9024eb0)[0m
[0m2021-01-14 00:30:28 V/Net 2121784398: Send: MessageSvc.PbGetMsg[0m
[0m2021-01-14 00:30:29 V/Net 2121784398: Send: MessageSvc.PbDeleteMsg[0m
[0m2021-01-14 00:30:46 V/Net 2121784398: Recv: RequestPushNotify(uin=2121784398, ctype=1, strService=MessageSvc, strCmd=PushNotify, usMsgType=166, stMsgInfo=net.mamoe.mirai.internal.network.protocol.data.jce.MsgInfo@227311ff)[0m
[0m2021-01-14 00:30:46 V/Net 2121784398: Send: MessageSvc.PbGetMsg[0m
[0m2021-01-14 00:30:46 V/Net 2121784398: Send: MessageSvc.PbDeleteMsg[0m
[0m2021-01-14 00:30:46 V/Net 2121784398: Send: MessageSvc.PbSendMsg[0m
[0m2021-01-14 00:30:46 V/Net 2121784398: Recv: MessageSvcPbSendMsg.Response.SUCCESS[0m
[0m2021-01-14 00:32:23 V/Net 2121784398: Recv: RequestPushNotify(uin=2121784398, ctype=1, strService=MessageSvc, strCmd=PushNotify, usMsgType=166, stMsgInfo=net.mamoe.mirai.internal.network.protocol.data.jce.MsgInfo@330831bc)[0m
[0m2021-01-14 00:32:23 V/Net 2121784398: Send: MessageSvc.PbGetMsg[0m
[0m2021-01-14 00:32:23 V/Net 2121784398: Send: MessageSvc.PbDeleteMsg[0m
[0m2021-01-14 00:32:23 V/Net 2121784398: Send: MessageSvc.PbSendMsg[0m
[0m2021-01-14 00:32:23 V/Net 2121784398: Recv: MessageSvcPbSendMsg.Response.SUCCESS[0m
[0m2021-01-14 00:34:15 V/Net 2121784398: Send: Heartbeat.Alive[0m
[0m2021-01-14 00:34:15 V/Net 2121784398: Recv: Heartbeat.Alive.Response[0m
[0m2021-01-14 00:35:07 V/Net 2121784398: Recv: RequestPushNotify(uin=2121784398, ctype=1, strService=MessageSvc, strCmd=PushNotify, usMsgType=166, stMsgInfo=net.mamoe.mirai.internal.network.protocol.data.jce.MsgInfo@1304db71)[0m
[0m2021-01-14 00:35:07 V/Net 2121784398: Send: MessageSvc.PbGetMsg[0m
[0m2021-01-14 00:35:07 V/Net 2121784398: Send: MessageSvc.PbDeleteMsg[0m
[0m2021-01-14 00:35:07 V/Net 2121784398: Send: MessageSvc.PbSendMsg[0m
[0m2021-01-14 00:35:08 V/Net 2121784398: Recv: MessageSvcPbSendMsg.Response.SUCCESS[0m
[0m2021-01-14 00:38:45 V/Net 2121784398: Send: Heartbeat.Alive[0m
[0m2021-01-14 00:38:45 V/Net 2121784398: Recv: Heartbeat.Alive.Response[0m
[0m2021-01-14 00:42:52 V/Net 2121784398: Send: MessageSvc.PbSendMsg[0m
[0m2021-01-14 00:42:52 V/Net 2121784398: Recv: MessageSvcPbSendMsg.Response.SUCCESS[0m
[0m2021-01-14 00:42:56 V/Net 2121784398: Send: OnlinePush.RespPush[0m
[0m2021-01-14 00:43:04 V/Net 2121784398: Send: OnlinePush.RespPush[0m
[0m2021-01-14 00:43:15 V/Net 2121784398: Send: Heartbeat.Alive[0m
[0m2021-01-14 00:43:15 V/Net 2121784398: Recv: Heartbeat.Alive.Response[0m
[0m2021-01-14 00:44:12 V/Net 2121784398: Send: OnlinePush.RespPush[0m
[0m2021-01-14 00:44:12 V/Net 2121784398: Recv: RequestPushNotify(uin=2121784398, ctype=1, strService=MessageSvc, strCmd=PushNotify, usMsgType=166, stMsgInfo=net.mamoe.mirai.internal.network.protocol.data.jce.MsgInfo@39c72995)[0m
[0m2021-01-14 00:44:12 V/Net 2121784398: Send: MessageSvc.PbGetMsg[0m
[0m2021-01-14 00:44:12 V/Net 2121784398: Send: MessageSvc.PbDeleteMsg[0m
[0m2021-01-14 00:44:12 V/Net 2121784398: Send: MessageSvc.PbSendMsg[0m
[0m2021-01-14 00:44:13 V/Net 2121784398: Recv: MessageSvcPbSendMsg.Response.SUCCESS[0m
[0m2021-01-14 00:44:14 V/Net 2121784398: Recv: RequestPushNotify(uin=2121784398, ctype=1, strService=MessageSvc, strCmd=PushNotify, usMsgType=166, stMsgInfo=net.mamoe.mirai.internal.network.protocol.data.jce.MsgInfo@4ef9075d)[0m
[0m2021-01-14 00:44:14 V/Net 2121784398: Send: MessageSvc.PbGetMsg[0m
[0m2021-01-14 00:44:14 V/Net 2121784398: Send: MessageSvc.PbDeleteMsg[0m
[0m2021-01-14 00:44:18 V/Net 2121784398: Send: OnlinePush.RespPush[0m
[0m2021-01-14 00:44:18 V/Net 2121784398: Recv: RequestPushNotify(uin=2121784398, ctype=1, strService=MessageSvc, strCmd=PushNotify, usMsgType=166, stMsgInfo=net.mamoe.mirai.internal.network.protocol.data.jce.MsgInfo@2b827ecb)[0m
[0m2021-01-14 00:44:18 V/Net 2121784398: Send: MessageSvc.PbGetMsg[0m
[0m2021-01-14 00:44:18 V/Net 2121784398: Send: MessageSvc.PbDeleteMsg[0m
[0m2021-01-14 00:44:18 V/Net 2121784398: Send: MessageSvc.PbSendMsg[0m
[0m2021-01-14 00:44:18 V/Net 2121784398: Recv: MessageSvcPbSendMsg.Response.SUCCESS[0m
[0m2021-01-14 00:44:20 V/Net 2121784398: Send: OnlinePush.RespPush[0m
[0m2021-01-14 00:44:21 V/Net 2121784398: Send: OnlinePush.RespPush[0m
[0m2021-01-14 00:44:23 V/Net 2121784398: Send: OnlinePush.RespPush[0m
[0m2021-01-14 00:44:23 V/Net 2121784398: Recv: RequestPushNotify(uin=2121784398, ctype=1, strService=MessageSvc, strCmd=PushNotify, usMsgType=166, stMsgInfo=net.mamoe.mirai.internal.network.protocol.data.jce.MsgInfo@39ca1e94)[0m
[0m2021-01-14 00:44:23 V/Net 2121784398: Send: MessageSvc.PbGetMsg[0m
[0m2021-01-14 00:44:23 V/Net 2121784398: Send: MessageSvc.PbDeleteMsg[0m
[0m2021-01-14 00:44:23 V/Net 2121784398: Send: MessageSvc.PbSendMsg[0m
[0m2021-01-14 00:44:23 V/Net 2121784398: Recv: MessageSvcPbSendMsg.Response.SUCCESS[0m
[0m2021-01-14 00:44:25 V/Net 2121784398: Recv: RequestPushNotify(uin=2121784398, ctype=1, strService=MessageSvc, strCmd=PushNotify, usMsgType=166, stMsgInfo=net.mamoe.mirai.internal.network.protocol.data.jce.MsgInfo@54996c39)[0m
[0m2021-01-14 00:44:25 V/Net 2121784398: Send: MessageSvc.PbGetMsg[0m
[0m2021-01-14 00:44:25 V/Net 2121784398: Send: MessageSvc.PbDeleteMsg[0m
[0m2021-01-14 00:44:25 V/Net 2121784398: Send: OnlinePush.RespPush[0m
[0m2021-01-14 00:44:27 V/Net 2121784398: Send: OnlinePush.RespPush[0m
[0m2021-01-14 00:44:28 V/Net 2121784398: Send: OnlinePush.RespPush[0m
[0m2021-01-14 00:44:32 V/Net 2121784398: Send: OnlinePush.RespPush[0m
[0m2021-01-14 00:44:34 V/Net 2121784398: Send: OnlinePush.RespPush[0m
[0m2021-01-14 00:47:45 V/Net 2121784398: Send: Heartbeat.Alive[0m
[0m2021-01-14 00:47:45 V/Net 2121784398: Recv: Heartbeat.Alive.Response[0m
[0m2021-01-14 00:52:04 V/Net 2121784398: Send: MessageSvc.PbSendMsg[0m
[0m2021-01-14 00:52:04 V/Net 2121784398: Recv: MessageSvcPbSendMsg.Response.SUCCESS[0m
[0m2021-01-14 00:52:15 V/Net 2121784398: Send: Heartbeat.Alive[0m
[0m2021-01-14 00:52:15 V/Net 2121784398: Recv: Heartbeat.Alive.Response[0m
[0m2021-01-14 00:52:40 V/Net 2121784398: Send: MessageSvc.PbSendMsg[0m
[0m2021-01-14 00:52:40 V/Net 2121784398: Recv: MessageSvcPbSendMsg.Response.SUCCESS[0m
[0m2021-01-14 00:54:46 V/Net 2121784398: Send: MessageSvc.PbSendMsg[0m
[0m2021-01-14 00:54:46 V/Net 2121784398: Recv: MessageSvcPbSendMsg.Response.SUCCESS[0m
[0m2021-01-14 00:55:55 V/Net 2121784398: Send: MessageSvc.PbSendMsg[0m
[0m2021-01-14 00:55:55 V/Net 2121784398: Recv: MessageSvcPbSendMsg.Response.SUCCESS[0m
[0m2021-01-14 00:55:55 V/Net 2121784398: Send: ImgStore.GroupPicUp[0m
[0m2021-01-14 00:55:55 V/Net 2121784398: Recv: RequireUpload(fileId=2202792060, uKey=[-115, -11, 62, 106, 17, 3, -67, 46, -50, 75, -88, 121, -35, -124, -20, 94, -58, -89, 30, 6, -94, 12, -77, -116, -28, 45, 105, -21, -8, 60, -103, 43, -29, -22, 105, 107, -36, 5, 102, -88, -78, 47, -82, -57, 103, -101, -33, 39, 96, 2, -95, -65, -112, 108, 126, -67, -128, 114, -52, -68, -22, 93, -69, -38, -128, 43, -71, 26, 28, 58, -113, 86, -79, 126, 11, -117, -26, -96, 40, -18, -27, -118, -106, 66, 71, -100, -39, 119, -85, -76, -94, -9, 12, 8, -114, 6, 85, -50, 79, -75, -128, -13, 25, -25, -82, -32, -102, -23, 120, 1, 87, -27, -53, 83, -19, -36, 73, -21, -30, -115, 3, -124, -80, 108, -19, -88, -114, -118])[0m
[0m2021-01-14 00:55:55 V/Net 2121784398: [Highway] Uploading group image to 123.150.76.170:14000, size=54.35 KiB[0m
[0m2021-01-14 00:55:55 V/Net 2121784398: [Highway] Uploading group image: succeed at 122 KiB/s[0m
[0m2021-01-14 00:55:56 V/Net 2121784398: Send: MessageSvc.PbSendMsg[0m
[0m2021-01-14 00:55:56 V/Net 2121784398: Recv: MessageSvcPbSendMsg.Response.SUCCESS[0m
[0m2021-01-14 00:56:45 V/Net 2121784398: Send: Heartbeat.Alive[0m
[0m2021-01-14 00:56:45 V/Net 2121784398: Recv: Heartbeat.Alive.Response[0m
[0m2021-01-14 01:01:15 V/Net 2121784398: Send: Heartbeat.Alive[0m
[0m2021-01-14 01:01:15 V/Net 2121784398: Recv: Heartbeat.Alive.Response[0m
[0m2021-01-14 01:05:45 V/Net 2121784398: Send: Heartbeat.Alive[0m
[0m2021-01-14 01:05:45 V/Net 2121784398: Recv: Heartbeat.Alive.Response[0m
[0m2021-01-14 01:10:15 V/Net 2121784398: Send: Heartbeat.Alive[0m
[0m2021-01-14 01:10:15 V/Net 2121784398: Recv: Heartbeat.Alive.Response[0m
[92m2021-01-14 01:11:31 I/Net 2121784398: Connected to server 114.221.148.59:14000[0m
[0m2021-01-14 01:11:31 V/Net 2121784398: Send: wtlogin.login[0m
[0m2021-01-14 01:11:32 V/Net 2121784398: Recv: WtLogin.Login.LoginPacketResponse.DeviceLockLogin[0m
[0m2021-01-14 01:11:32 V/Net 2121784398: Send: wtlogin.login[0m
[0m2021-01-14 01:11:32 V/Net 2121784398: Recv: LoginPacketResponse.Success[0m
[92m2021-01-14 01:11:32 I/Net 2121784398: Login successful[0m
[0m2021-01-14 01:11:32 V/Net 2121784398: Send: StatSvc.register[0m
[0m2021-01-14 01:11:32 V/Net 2121784398: Recv: Response(StatSvc.register)[0m
[0m2021-01-14 01:11:32 V/Net 2121784398: Send: StatSvc.GetDevLoginInfo[0m
[0m2021-01-14 01:11:32 V/Net 2121784398: Recv: StatSvc.GetDevLoginInfo.Response(deviceList.size=1)[0m
[92m2021-01-14 01:11:32 I/Net 2121784398: Syncing friend message history...[0m
[0m2021-01-14 01:11:32 V/Net 2121784398: Send: MessageSvc.PbGetMsg[0m
[92m2021-01-14 01:11:32 I/Net 2121784398: Syncing friend message history: Success.[0m
[0m2021-01-14 01:11:35 V/Net 2121784398: Recv: ConfigPushSvc.PushReq.PushReqResponse.Success[0m
[0m2021-01-14 01:11:35 V/Net 2121784398: Send: ConfigPushSvc.PushResp[0m
[96m2021-01-14 01:11:35 D/Net 2121784398: Received unknown commandName: ConfigPushSvc.PushDomain[0m
[0m2021-01-14 01:11:35 V/Net 2121784398: Recv: ConfigPushSvc.PushReq.PushReqResponse.Success[0m
[0m2021-01-14 01:11:35 V/Net 2121784398: Send: ConfigPushSvc.PushResp[0m
[0m2021-01-14 01:16:02 V/Net 2121784398: Send: Heartbeat.Alive[0m
[0m2021-01-14 01:16:03 V/Net 2121784398: Recv: Heartbeat.Alive.Response[0m
[0m2021-01-14 01:20:33 V/Net 2121784398: Send: Heartbeat.Alive[0m
[0m2021-01-14 01:20:33 V/Net 2121784398: Recv: Heartbeat.Alive.Response[0m
[0m2021-01-14 01:23:09 V/Net 2121784398: Send: MessageSvc.PbSendMsg[0m
[0m2021-01-14 01:23:09 V/Net 2121784398: Recv: MessageSvcPbSendMsg.Response.SUCCESS[0m
[0m2021-01-14 01:24:10 V/Net 2121784398: Send: MessageSvc.PbSendMsg[0m
[0m2021-01-14 01:24:10 V/Net 2121784398: Recv: MessageSvcPbSendMsg.Response.SUCCESS[0m
[0m2021-01-14 01:25:03 V/Net 2121784398: Send: Heartbeat.Alive[0m
[0m2021-01-14 01:25:03 V/Net 2121784398: Recv: Heartbeat.Alive.Response[0m
[0m2021-01-14 01:26:33 V/Net 2121784398: Send: MessageSvc.PbSendMsg[0m
[0m2021-01-14 01:26:33 V/Net 2121784398: Recv: MessageSvcPbSendMsg.Response.SUCCESS[0m
[0m2021-01-14 01:26:52 V/Net 2121784398: Send: MessageSvc.PbSendMsg[0m
[0m2021-01-14 01:26:52 V/Net 2121784398: Recv: MessageSvcPbSendMsg.Response.SUCCESS[0m
[0m2021-01-14 01:29:33 V/Net 2121784398: Send: Heartbeat.Alive[0m
[0m2021-01-14 01:29:33 V/Net 2121784398: Recv: Heartbeat.Alive.Response[0m
[0m2021-01-14 01:30:22 V/Net 2121784398: Send: MessageSvc.PbSendMsg[0m
[0m2021-01-14 01:30:22 V/Net 2121784398: Recv: MessageSvcPbSendMsg.Response.SUCCESS[0m
[0m2021-01-14 01:31:59 V/Net 2121784398: Send: MessageSvc.PbSendMsg[0m
[0m2021-01-14 01:31:59 V/Net 2121784398: Recv: MessageSvcPbSendMsg.Response.SUCCESS[0m
[0m2021-01-14 01:32:55 V/Net 2121784398: Send: MessageSvc.PbSendMsg[0m
[0m2021-01-14 01:32:55 V/Net 2121784398: Recv: MessageSvcPbSendMsg.Response.SUCCESS[0m
[0m2021-01-14 01:34:03 V/Net 2121784398: Send: Heartbeat.Alive[0m
[0m2021-01-14 01:34:03 V/Net 2121784398: Recv: Heartbeat.Alive.Response[0m
[0m2021-01-14 01:38:33 V/Net 2121784398: Send: Heartbeat.Alive[0m
[0m2021-01-14 01:38:33 V/Net 2121784398: Recv: Heartbeat.Alive.Response[0m
[0m2021-01-14 01:43:03 V/Net 2121784398: Send: Heartbeat.Alive[0m
[0m2021-01-14 01:43:03 V/Net 2121784398: Recv: Heartbeat.Alive.Response[0m
[0m2021-01-14 01:47:33 V/Net 2121784398: Send: Heartbeat.Alive[0m
[0m2021-01-14 01:47:33 V/Net 2121784398: Recv: Heartbeat.Alive.Response[0m
[92m2021-01-14 01:49:39 I/Net 2121784398: Connected to server msfwifi.3g.qq.com:8080[0m
[0m2021-01-14 01:49:39 V/Net 2121784398: Send: wtlogin.login[0m
[0m2021-01-14 01:49:40 V/Net 2121784398: Recv: WtLogin.Login.LoginPacketResponse.DeviceLockLogin[0m
[0m2021-01-14 01:49:40 V/Net 2121784398: Send: wtlogin.login[0m
[0m2021-01-14 01:49:40 V/Net 2121784398: Recv: LoginPacketResponse.Success[0m
[92m2021-01-14 01:49:40 I/Net 2121784398: Login successful[0m
[0m2021-01-14 01:49:40 V/Net 2121784398: Send: StatSvc.register[0m
[0m2021-01-14 01:49:40 V/Net 2121784398: Recv: Response(StatSvc.register)[0m
[0m2021-01-14 01:49:40 V/Net 2121784398: Send: StatSvc.GetDevLoginInfo[0m
[0m2021-01-14 01:49:40 V/Net 2121784398: Recv: StatSvc.GetDevLoginInfo.Response(deviceList.size=1)[0m
[92m2021-01-14 01:49:40 I/Net 2121784398: Syncing friend message history...[0m
[0m2021-01-14 01:49:40 V/Net 2121784398: Send: MessageSvc.PbGetMsg[0m
[92m2021-01-14 01:49:40 I/Net 2121784398: Syncing friend message history: Success.[0m
[0m2021-01-14 01:49:43 V/Net 2121784398: Recv: ConfigPushSvc.PushReq.PushReqResponse.Success[0m
[0m2021-01-14 01:49:43 V/Net 2121784398: Send: ConfigPushSvc.PushResp[0m
[0m2021-01-14 01:49:43 V/Net 2121784398: Recv: ConfigPushSvc.PushReq.PushReqResponse.Success[0m
[0m2021-01-14 01:49:43 V/Net 2121784398: Send: ConfigPushSvc.PushResp[0m
[0m2021-01-14 01:54:10 V/Net 2121784398: Send: Heartbeat.Alive[0m
[0m2021-01-14 01:54:10 V/Net 2121784398: Recv: Heartbeat.Alive.Response[0m
[0m2021-01-14 01:58:40 V/Net 2121784398: Send: Heartbeat.Alive[0m
[0m2021-01-14 01:58:45 V/Net 2121784398: Send: Heartbeat.Alive[0m
[92m2021-01-14 01:58:55 I/Net 2121784398: Connected to server 42.81.172.147:443[0m
[0m2021-01-14 01:58:55 V/Net 2121784398: Send: wtlogin.login[0m
[0m2021-01-14 01:58:55 V/Net 2121784398: Recv: WtLogin.Login.LoginPacketResponse.DeviceLockLogin[0m
[0m2021-01-14 01:58:55 V/Net 2121784398: Send: wtlogin.login[0m
[0m2021-01-14 01:58:55 V/Net 2121784398: Recv: LoginPacketResponse.Success[0m
[92m2021-01-14 01:58:55 I/Net 2121784398: Login successful[0m
[0m2021-01-14 01:58:55 V/Net 2121784398: Send: StatSvc.register[0m
[0m2021-01-14 01:58:55 V/Net 2121784398: Recv: Response(StatSvc.register)[0m
[0m2021-01-14 01:58:55 V/Net 2121784398: Send: StatSvc.GetDevLoginInfo[0m
[0m2021-01-14 01:58:55 V/Net 2121784398: Recv: StatSvc.GetDevLoginInfo.Response(deviceList.size=1)[0m
[92m2021-01-14 01:58:55 I/Net 2121784398: Syncing friend message history...[0m
[0m2021-01-14 01:58:55 V/Net 2121784398: Send: MessageSvc.PbGetMsg[0m
[92m2021-01-14 01:58:56 I/Net 2121784398: Syncing friend message history: Success.[0m
[0m2021-01-14 01:58:58 V/Net 2121784398: Recv: ConfigPushSvc.PushReq.PushReqResponse.Success[0m
[0m2021-01-14 01:58:58 V/Net 2121784398: Send: ConfigPushSvc.PushResp[0m
[96m2021-01-14 01:58:58 D/Net 2121784398: Received unknown commandName: ConfigPushSvc.PushDomain[0m
[0m2021-01-14 01:58:58 V/Net 2121784398: Recv: ConfigPushSvc.PushReq.PushReqResponse.Success[0m
[0m2021-01-14 01:58:58 V/Net 2121784398: Send: ConfigPushSvc.PushResp[0m
[0m2021-01-14 02:03:25 V/Net 2121784398: Send: Heartbeat.Alive[0m
[0m2021-01-14 02:03:25 V/Net 2121784398: Recv: Heartbeat.Alive.Response[0m
[0m2021-01-14 02:07:55 V/Net 2121784398: Send: Heartbeat.Alive[0m
[0m2021-01-14 02:07:55 V/Net 2121784398: Recv: Heartbeat.Alive.Response[0m
[0m2021-01-14 02:12:25 V/Net 2121784398: Send: Heartbeat.Alive[0m
[0m2021-01-14 02:12:25 V/Net 2121784398: Recv: Heartbeat.Alive.Response[0m
