[92m2021-01-13 23:30:17 I/Net 2121784398: Connected to server 125.94.60.146:80[0m
[0m2021-01-13 23:30:17 V/Net 2121784398: Send: wtlogin.login[0m
[0m2021-01-13 23:30:18 V/Net 2121784398: Recv: WtLogin.Login.LoginPacketResponse.DeviceLockLogin[0m
[0m2021-01-13 23:30:18 V/Net 2121784398: Send: wtlogin.login[0m
[0m2021-01-13 23:30:18 V/Net 2121784398: Recv: LoginPacketResponse.Success[0m
[92m2021-01-13 23:30:18 I/Net 2121784398: Login successful[0m
[0m2021-01-13 23:30:18 V/Net 2121784398: Send: StatSvc.register[0m
[0m2021-01-13 23:30:18 V/Net 2121784398: Recv: Response(StatSvc.register)[0m
[0m2021-01-13 23:30:18 V/Net 2121784398: Send: StatSvc.GetDevLoginInfo[0m
[0m2021-01-13 23:30:18 V/Net 2121784398: Recv: StatSvc.GetDevLoginInfo.Response(deviceList.size=1)[0m
[92m2021-01-13 23:30:18 I/Net 2121784398: Start loading friend list...[0m
[92m2021-01-13 23:30:18 I/Net 2121784398: Start loading stranger list...[0m
[92m2021-01-13 23:30:18 I/Net 2121784398: Start loading group list...[0m
[0m2021-01-13 23:30:18 V/Net 2121784398: Send: friendlist.GetTroopListReqV2[0m
[0m2021-01-13 23:30:18 V/Net 2121784398: Send: OidbSvc.0x5d2_0[0m
[0m2021-01-13 23:30:18 V/Net 2121784398: Send: friendlist.getFriendGroupList[0m
[0m2021-01-13 23:30:18 V/Net 2121784398: Recv: FriendList.GetFriendGroupList.Response[0m
[0m2021-01-13 23:30:18 V/Net 2121784398: Send: friendlist.GetTroopMemberListReq[0m
[0m2021-01-13 23:30:18 V/Net 2121784398: Recv: network.protocol.packet.list.StrangerList$GetStrangerList$Response@549c277b[0m
[92m2021-01-13 23:30:18 I/Net 2121784398: Successfully loaded stranger list: 0 in total[0m
[0m2021-01-13 23:30:18 V/Net 2121784398: Recv: FriendList.GetFriendGroupList.Response[0m
[0m2021-01-13 23:30:18 V/Net 2121784398: Loading friend list: 3/3[0m
[92m2021-01-13 23:30:18 I/Net 2121784398: Successfully loaded friend list: 3 in total[0m
[0m2021-01-13 23:30:18 V/Net 2121784398: Recv: FriendList.GetTroopMemberList.Response[0m
[92m2021-01-13 23:30:18 I/Net 2121784398: Successfully loaded group list: 1 in total.[0m
[92m2021-01-13 23:30:18 I/Net 2121784398: Syncing friend message history...[0m
[92m2021-01-13 23:30:18 I/Net 2121784398: Awaiting ConfigPushSvc.PushReq.[0m
[0m2021-01-13 23:30:18 V/Net 2121784398: Send: MessageSvc.PbGetMsg[0m
[92m2021-01-13 23:30:18 I/Net 2121784398: Syncing friend message history: Success.[0m
[0m2021-01-13 23:30:21 V/Net 2121784398: Recv: ConfigPushSvc.PushReq.PushReqResponse.Success[0m
[0m2021-01-13 23:30:21 V/Net 2121784398: Send: ConfigPushSvc.PushResp[0m
[92m2021-01-13 23:30:21 I/Net 2121784398: ConfigPushSvc.PushReq: Success.[0m
[96m2021-01-13 23:30:21 D/Net 2121784398: Received unknown commandName: ConfigPushSvc.PushDomain[0m
[0m2021-01-13 23:30:21 V/Net 2121784398: Recv: ConfigPushSvc.PushReq.PushReqResponse.Success[0m
[0m2021-01-13 23:30:21 V/Net 2121784398: Send: ConfigPushSvc.PushResp[0m
[0m2021-01-13 23:34:48 V/Net 2121784398: Send: Heartbeat.Alive[0m
[0m2021-01-13 23:34:48 V/Net 2121784398: Recv: Heartbeat.Alive.Response[0m
[0m2021-01-13 23:39:18 V/Net 2121784398: Send: Heartbeat.Alive[0m
[0m2021-01-13 23:39:18 V/Net 2121784398: Recv: Heartbeat.Alive.Response[0m
[0m2021-01-13 23:43:48 V/Net 2121784398: Send: Heartbeat.Alive[0m
[0m2021-01-13 23:43:48 V/Net 2121784398: Recv: Heartbeat.Alive.Response[0m
[92m2021-01-13 23:47:03 I/Net 2121784398: Connected to server 114.221.144.215:80[0m
[0m2021-01-13 23:47:03 V/Net 2121784398: Send: wtlogin.login[0m
[0m2021-01-13 23:47:04 V/Net 2121784398: Recv: WtLogin.Login.LoginPacketResponse.DeviceLockLogin[0m
[0m2021-01-13 23:47:04 V/Net 2121784398: Send: wtlogin.login[0m
[0m2021-01-13 23:47:04 V/Net 2121784398: Recv: LoginPacketResponse.Success[0m
[92m2021-01-13 23:47:04 I/Net 2121784398: Login successful[0m
[0m2021-01-13 23:47:04 V/Net 2121784398: Send: StatSvc.register[0m
[0m2021-01-13 23:47:04 V/Net 2121784398: Recv: Response(StatSvc.register)[0m
[0m2021-01-13 23:47:04 V/Net 2121784398: Send: StatSvc.GetDevLoginInfo[0m
[0m2021-01-13 23:47:04 V/Net 2121784398: Recv: StatSvc.GetDevLoginInfo.Response(deviceList.size=1)[0m
[92m2021-01-13 23:47:04 I/Net 2121784398: Syncing friend message history...[0m
[0m2021-01-13 23:47:04 V/Net 2121784398: Send: MessageSvc.PbGetMsg[0m
[92m2021-01-13 23:47:04 I/Net 2121784398: Syncing friend message history: Success.[0m
[0m2021-01-13 23:47:07 V/Net 2121784398: Recv: ConfigPushSvc.PushReq.PushReqResponse.Success[0m
[0m2021-01-13 23:47:07 V/Net 2121784398: Send: ConfigPushSvc.PushResp[0m
[96m2021-01-13 23:47:07 D/Net 2121784398: Received unknown commandName: ConfigPushSvc.PushDomain[0m
[0m2021-01-13 23:47:07 V/Net 2121784398: Recv: ConfigPushSvc.PushReq.PushReqResponse.Success[0m
[0m2021-01-13 23:47:07 V/Net 2121784398: Send: ConfigPushSvc.PushResp[0m
[0m2021-01-13 23:51:34 V/Net 2121784398: Send: Heartbeat.Alive[0m
[0m2021-01-13 23:51:34 V/Net 2121784398: Recv: Heartbeat.Alive.Response[0m
[0m2021-01-13 23:56:04 V/Net 2121784398: Send: Heartbeat.Alive[0m
[0m2021-01-13 23:56:04 V/Net 2121784398: Recv: Heartbeat.Alive.Response[0m
